{"name":"SubmitNewInspection","status":"failed","statusDetails":{"known":false,"muted":false,"flaky":false,"message":"Element Action [WaitForElementToBePresent] failed. With the following test data [waited for the element's state of presence to be (true). Element locator (By.id: dispatch-button)].","trace":"java.lang.AssertionError: Element Action [WaitForElementToBePresent] failed. With the following test data [waited for the element's state of presence to be (true). Element locator (By.id: dispatch-button)].\r\n\tat org.testng.Assert.fail(Assert.java:99)\r\n\tat com.shaft.gui.element.WebDriverElementActions.failAction(WebDriverElementActions.java:1442)\r\n\tat com.shaft.gui.element.WebDriverElementActions.failAction(WebDriverElementActions.java:1296)\r\n\tat com.shaft.gui.element.WebDriverElementActions.waitForElementToBePresent(WebDriverElementActions.java:1285)\r\n\tat com.shaft.gui.element.ElementActions.waitForElementToBePresent(ElementActions.java:615)\r\n\tat pages.cis.VehicleDetails.clickDispatchBtn(VehicleDetails.java:17)\r\n\tat cis.SubmitExportInspection.SubmitNewInspection(SubmitExportInspection.java:44)\r\n\tat java.base/jdk.internal.reflect.NativeMethodAccessorImpl.invoke0(Native Method)\r\n\tat java.base/jdk.internal.reflect.NativeMethodAccessorImpl.invoke(NativeMethodAccessorImpl.java:64)\r\n\tat java.base/jdk.internal.reflect.DelegatingMethodAccessorImpl.invoke(DelegatingMethodAccessorImpl.java:43)\r\n\tat java.base/java.lang.reflect.Method.invoke(Method.java:564)\r\n\tat org.testng.internal.MethodInvocationHelper.invokeMethod(MethodInvocationHelper.java:133)\r\n\tat org.testng.internal.TestInvoker.invokeMethod(TestInvoker.java:598)\r\n\tat org.testng.internal.TestInvoker.invokeTestMethod(TestInvoker.java:173)\r\n\tat org.testng.internal.MethodRunner.runInSequence(MethodRunner.java:46)\r\n\tat org.testng.internal.TestInvoker$MethodInvocationAgent.invoke(TestInvoker.java:824)\r\n\tat org.testng.internal.TestInvoker.invokeTestMethods(TestInvoker.java:146)\r\n\tat org.testng.internal.TestMethodWorker.invokeTestMethods(TestMethodWorker.java:146)\r\n\tat org.testng.internal.TestMethodWorker.run(TestMethodWorker.java:128)\r\n\tat java.base/java.util.ArrayList.forEach(ArrayList.java:1511)\r\n\tat org.testng.TestRunner.privateRun(TestRunner.java:794)\r\n\tat org.testng.TestRunner.run(TestRunner.java:596)\r\n\tat org.testng.SuiteRunner.runTest(SuiteRunner.java:377)\r\n\tat org.testng.SuiteRunner.runSequentially(SuiteRunner.java:371)\r\n\tat org.testng.SuiteRunner.privateRun(SuiteRunner.java:332)\r\n\tat org.testng.SuiteRunner.run(SuiteRunner.java:276)\r\n\tat org.testng.SuiteRunnerWorker.runSuite(SuiteRunnerWorker.java:53)\r\n\tat org.testng.SuiteRunnerWorker.run(SuiteRunnerWorker.java:96)\r\n\tat org.testng.TestNG.runSuitesSequentially(TestNG.java:1212)\r\n\tat org.testng.TestNG.runSuitesLocally(TestNG.java:1134)\r\n\tat org.testng.TestNG.runSuites(TestNG.java:1063)\r\n\tat org.testng.TestNG.run(TestNG.java:1031)\r\n\tat com.intellij.rt.testng.IDEARemoteTestNG.run(IDEARemoteTestNG.java:66)\r\n\tat com.intellij.rt.testng.RemoteTestNGStarter.main(RemoteTestNGStarter.java:109)\r\n"},"stage":"finished","steps":[{"name":"Element Action [Click] successfully performed. With the following test data [اللغة الانجليزية].","status":"passed","stage":"finished","steps":[],"attachments":[],"parameters":[{"name":"actionCounter","value":"9"},{"name":"logText","value":"Element Action [Click] successfully performed. With the following test data [اللغة الانجليزية]."}],"start":1625054794371,"stop":1625054794371},{"name":"Element Action [Type] successfully performed. With the following test data [shi_koshis].","status":"passed","stage":"finished","steps":[],"attachments":[],"parameters":[{"name":"actionCounter","value":"10"},{"name":"logText","value":"Element Action [Type] successfully performed. With the following test data [shi_koshis]."}],"start":1625054794925,"stop":1625054794925},{"name":"Element Action [Type] successfully performed. With the following test data [Qc_123456].","status":"passed","stage":"finished","steps":[],"attachments":[],"parameters":[{"name":"actionCounter","value":"11"},{"name":"logText","value":"Element Action [Type] successfully performed. With the following test data [Qc_123456]."}],"start":1625054795483,"stop":1625054795499},{"name":"Element Action [Click] successfully performed. With the following test data [Login].","status":"passed","stage":"finished","steps":[],"attachments":[],"parameters":[{"name":"actionCounter","value":"12"},{"name":"logText","value":"Element Action [Click] successfully performed. With the following test data [Login]."}],"start":1625054798185,"stop":1625054798186},{"name":"Click on navigation button","status":"passed","stage":"finished","steps":[{"name":"Element Action [Click] successfully performed. With the following test data [Navigation ].","status":"passed","stage":"finished","steps":[],"attachments":[],"parameters":[{"name":"actionCounter","value":"13"},{"name":"logText","value":"Element Action [Click] successfully performed. With the following test data [Navigation ]."}],"start":1625054799000,"stop":1625054799000}],"attachments":[],"parameters":[],"start":1625054798186,"stop":1625054799000},{"name":"Click on new vehicle inspection menu item","status":"passed","stage":"finished","steps":[{"name":"Element Action [WaitForElementToBePresent] successfully performed. With the following test data [waited for the element's state of presence to be (true). Element locator (By.linkText: New Vehicle Inspection)].","status":"passed","stage":"finished","steps":[],"attachments":[],"parameters":[{"name":"actionCounter","value":"14"},{"name":"logText","value":"Element Action [WaitForElementToBePresent] successfully performed. With the following test data [waited for the element's state of presence to be (true). Element locator (By.linkText: New Vehicle Inspection)]."}],"start":1625054799460,"stop":1625054799460},{"name":"Element Action [Click] successfully performed. With the following test data [New Vehicle Inspection].","status":"passed","stage":"finished","steps":[],"attachments":[],"parameters":[{"name":"actionCounter","value":"15"},{"name":"logText","value":"Element Action [Click] successfully performed. With the following test data [New Vehicle Inspection]."}],"start":1625054803235,"stop":1625054803236}],"attachments":[],"parameters":[],"start":1625054799000,"stop":1625054803236},{"name":"Unselect renewal test service","status":"passed","stage":"finished","steps":[{"name":"Element Action [WaitForElementToBePresent] successfully performed. With the following test data [waited for the element's state of presence to be (true). Element locator (By.xpath: //*[@id=\"insSlctSrvForm:j_idt799:0:j_idt800\"]/span[text()='Renewal Test'])].","status":"passed","stage":"finished","steps":[],"attachments":[],"parameters":[{"name":"actionCounter","value":"16"},{"name":"logText","value":"Element Action [WaitForElementToBePresent] successfully performed. With the following test data [waited for the element's state of presence to be (true). Element locator (By.xpath: //*[@id=\"insSlctSrvForm:j_idt799:0:j_idt800\"]/span[text()='Renewal Test'])]."}],"start":1625054803597,"stop":1625054803597},{"name":"Element Action [Click] successfully performed. With the following test data [Renewal Test].","status":"passed","stage":"finished","steps":[],"attachments":[],"parameters":[{"name":"actionCounter","value":"17"},{"name":"logText","value":"Element Action [Click] successfully performed. With the following test data [Renewal Test]."}],"start":1625054804408,"stop":1625054804409}],"attachments":[],"parameters":[],"start":1625054803236,"stop":1625054804409},{"name":"select export test","status":"passed","stage":"finished","steps":[{"name":"Element Action [Click] successfully performed. With the following test data [Export Test].","status":"passed","stage":"finished","steps":[],"attachments":[],"parameters":[{"name":"actionCounter","value":"18"},{"name":"logText","value":"Element Action [Click] successfully performed. With the following test data [Export Test]."}],"start":1625054810252,"stop":1625054810252}],"attachments":[],"parameters":[],"start":1625054804409,"stop":1625054810252},{"name":"Click continue button","status":"passed","stage":"finished","steps":[{"name":"Element Action [Click] successfully performed. With the following test data [Continue and search/select vehicle].","status":"passed","stage":"finished","steps":[],"attachments":[],"parameters":[{"name":"actionCounter","value":"19"},{"name":"logText","value":"Element Action [Click] successfully performed. With the following test data [Continue and search/select vehicle]."}],"start":1625054812901,"stop":1625054812901}],"attachments":[],"parameters":[],"start":1625054810252,"stop":1625054812901},{"name":"Select Chasis Number Option","status":"passed","stage":"finished","steps":[{"name":"Element Action [WaitForElementToBePresent] successfully performed. With the following test data [waited for the element's state of presence to be (true). Element locator (By.linkText: Chassis Number)].","status":"passed","stage":"finished","steps":[],"attachments":[],"parameters":[{"name":"actionCounter","value":"20"},{"name":"logText","value":"Element Action [WaitForElementToBePresent] successfully performed. With the following test data [waited for the element's state of presence to be (true). Element locator (By.linkText: Chassis Number)]."}],"start":1625054813273,"stop":1625054813273},{"name":"Element Action [Click] successfully performed. With the following test data [Chassis Number].","status":"passed","stage":"finished","steps":[],"attachments":[],"parameters":[{"name":"actionCounter","value":"21"},{"name":"logText","value":"Element Action [Click] successfully performed. With the following test data [Chassis Number]."}],"start":1625054814263,"stop":1625054814263}],"attachments":[],"parameters":[],"start":1625054812901,"stop":1625054814263},{"name":"type chasis number","status":"passed","stage":"finished","steps":[{"name":"Element Action [DoubleClick] successfully performed.","status":"passed","stage":"finished","steps":[],"attachments":[],"parameters":[{"name":"actionCounter","value":"22"},{"name":"logText","value":"Element Action [DoubleClick] successfully performed."}],"start":1625054814962,"stop":1625054814962},{"name":"Element Action [TypeAppend] successfully performed. With the following test data [1GNSK6KC5FR534913].","status":"passed","stage":"finished","steps":[],"attachments":[],"parameters":[{"name":"actionCounter","value":"23"},{"name":"logText","value":"Element Action [TypeAppend] successfully performed. With the following test data [1GNSK6KC5FR534913]."}],"start":1625054815360,"stop":1625054815360}],"attachments":[],"parameters":[{"name":"chasisNo","value":"1GNSK6KC5FR534913"}],"start":1625054814264,"stop":1625054815360},{"name":"Click search button","status":"passed","stage":"finished","steps":[{"name":"Element Action [Click] successfully performed. With the following test data [Search].","status":"passed","stage":"finished","steps":[],"attachments":[],"parameters":[{"name":"actionCounter","value":"24"},{"name":"logText","value":"Element Action [Click] successfully performed. With the following test data [Search]."}],"start":1625054820506,"stop":1625054820507}],"attachments":[],"parameters":[],"start":1625054815360,"stop":1625054820507},{"name":"Click on continue button","status":"passed","stage":"finished","steps":[{"name":"Element Action [WaitForElementToBePresent] successfully performed. With the following test data [waited for the element's state of presence to be (true). Element locator (By.xpath: //input[@value='Continue'])].","status":"passed","stage":"finished","steps":[],"attachments":[],"parameters":[{"name":"actionCounter","value":"25"},{"name":"logText","value":"Element Action [WaitForElementToBePresent] successfully performed. With the following test data [waited for the element's state of presence to be (true). Element locator (By.xpath: //input[@value='Continue'])]."}],"start":1625054820907,"stop":1625054820907},{"name":"Element Action [Click] successfully performed. With the following test data [Continue].","status":"passed","stage":"finished","steps":[],"attachments":[],"parameters":[{"name":"actionCounter","value":"26"},{"name":"logText","value":"Element Action [Click] successfully performed. With the following test data [Continue]."}],"start":1625054823049,"stop":1625054823049}],"attachments":[],"parameters":[],"start":1625054820507,"stop":1625054823049},{"name":"Click on dispatch button","status":"failed","statusDetails":{"known":false,"muted":false,"flaky":false,"message":"Element Action [WaitForElementToBePresent] failed. With the following test data [waited for the element's state of presence to be (true). Element locator (By.id: dispatch-button)].","trace":"java.lang.AssertionError: Element Action [WaitForElementToBePresent] failed. With the following test data [waited for the element's state of presence to be (true). Element locator (By.id: dispatch-button)].\r\n\tat org.testng.Assert.fail(Assert.java:99)\r\n\tat com.shaft.gui.element.WebDriverElementActions.failAction(WebDriverElementActions.java:1442)\r\n\tat com.shaft.gui.element.WebDriverElementActions.failAction(WebDriverElementActions.java:1296)\r\n\tat com.shaft.gui.element.WebDriverElementActions.waitForElementToBePresent(WebDriverElementActions.java:1285)\r\n\tat com.shaft.gui.element.ElementActions.waitForElementToBePresent(ElementActions.java:615)\r\n\tat pages.cis.VehicleDetails.clickDispatchBtn(VehicleDetails.java:17)\r\n\tat cis.SubmitExportInspection.SubmitNewInspection(SubmitExportInspection.java:44)\r\n\tat java.base/jdk.internal.reflect.NativeMethodAccessorImpl.invoke0(Native Method)\r\n\tat java.base/jdk.internal.reflect.NativeMethodAccessorImpl.invoke(NativeMethodAccessorImpl.java:64)\r\n\tat java.base/jdk.internal.reflect.DelegatingMethodAccessorImpl.invoke(DelegatingMethodAccessorImpl.java:43)\r\n\tat java.base/java.lang.reflect.Method.invoke(Method.java:564)\r\n\tat org.testng.internal.MethodInvocationHelper.invokeMethod(MethodInvocationHelper.java:133)\r\n\tat org.testng.internal.TestInvoker.invokeMethod(TestInvoker.java:598)\r\n\tat org.testng.internal.TestInvoker.invokeTestMethod(TestInvoker.java:173)\r\n\tat org.testng.internal.MethodRunner.runInSequence(MethodRunner.java:46)\r\n\tat org.testng.internal.TestInvoker$MethodInvocationAgent.invoke(TestInvoker.java:824)\r\n\tat org.testng.internal.TestInvoker.invokeTestMethods(TestInvoker.java:146)\r\n\tat org.testng.internal.TestMethodWorker.invokeTestMethods(TestMethodWorker.java:146)\r\n\tat org.testng.internal.TestMethodWorker.run(TestMethodWorker.java:128)\r\n\tat java.base/java.util.ArrayList.forEach(ArrayList.java:1511)\r\n\tat org.testng.TestRunner.privateRun(TestRunner.java:794)\r\n\tat org.testng.TestRunner.run(TestRunner.java:596)\r\n\tat org.testng.SuiteRunner.runTest(SuiteRunner.java:377)\r\n\tat org.testng.SuiteRunner.runSequentially(SuiteRunner.java:371)\r\n\tat org.testng.SuiteRunner.privateRun(SuiteRunner.java:332)\r\n\tat org.testng.SuiteRunner.run(SuiteRunner.java:276)\r\n\tat org.testng.SuiteRunnerWorker.runSuite(SuiteRunnerWorker.java:53)\r\n\tat org.testng.SuiteRunnerWorker.run(SuiteRunnerWorker.java:96)\r\n\tat org.testng.TestNG.runSuitesSequentially(TestNG.java:1212)\r\n\tat org.testng.TestNG.runSuitesLocally(TestNG.java:1134)\r\n\tat org.testng.TestNG.runSuites(TestNG.java:1063)\r\n\tat org.testng.TestNG.run(TestNG.java:1031)\r\n\tat com.intellij.rt.testng.IDEARemoteTestNG.run(IDEARemoteTestNG.java:66)\r\n\tat com.intellij.rt.testng.RemoteTestNGStarter.main(RemoteTestNGStarter.java:109)\r\n"},"stage":"finished","steps":[{"name":"Element Action [WaitForElementToBePresent] failed. With the following test data [waited for the element's state of presence to be (true). Element locator (By.id: dispatch-button)].","status":"passed","stage":"finished","steps":[],"attachments":[],"parameters":[{"name":"actionCounter","value":"27"},{"name":"logText","value":"Element Action [WaitForElementToBePresent] failed. With the following test data [waited for the element's state of presence to be (true). Element locator (By.id: dispatch-button)]."}],"start":1625054884533,"stop":1625054884534}],"attachments":[],"parameters":[],"start":1625054823049,"stop":1625054884536}],"attachments":[],"parameters":[],"start":1625054793137,"stop":1625054884537,"uuid":"0bb302a8-76ab-4712-a600-05f4d9e85076","historyId":"cc769337624d71712f618498ac8d224","fullName":"cis.SubmitExportInspection.SubmitNewInspection","labels":[{"name":"package","value":"cis.SubmitExportInspection"},{"name":"testClass","value":"cis.SubmitExportInspection"},{"name":"testMethod","value":"SubmitNewInspection"},{"name":"parentSuite","value":"Default Suite"},{"name":"suite","value":"vls-frontend-automation"},{"name":"subSuite","value":"cis.SubmitExportInspection"},{"name":"host","value":"ISOFT-PC175"},{"name":"thread","value":"31016@ISOFT-PC175.main(1)"},{"name":"framework","value":"testng"},{"name":"language","value":"java"}],"links":[]}